[LOG] System::create                           : Header version = 1.10.13. Current version = 1.10.13.
[LOG] Manager::init                            : maxchannels = 256 studioflags = 00000006 flags 00000000 extradriverdata 0000000000000000.
[LOG] SystemI::init                            : Initialize version=11013 (102169), maxchannels=256, flags=0x00020000
[LOG] SystemI::setOutputInternal               : Setting output to 'FMOD WASAPI Output'
[LOG] OutputWASAPI::init                       : Mix Format (WAVEFORMATEX): wFormatTag=0xFFFE, nChannels=8, nSamplesPerSec=44100, nAvgBytesPerSec=1411200, nBlockAlign=32, wBitsPerSample=32, cbSize=22.
[LOG] OutputWASAPI::init                       : Mix Format (WAVEFORMATEXTENSIBLE): wValidBitsPerSample=32, dwChannelMask=0x0000063F, SubFormat=00000003-0000-0010-8000-00AA00389B71.
[LOG] OutputWASAPI::init                       : Output buffer size: 3760 samples, latency: 0.00ms, period: 10.00ms, DSP buffer: 1024 * 4
[WRN] SystemI::init                            : Output requires a sample rate of 44100Hz, resampling will occur.
[LOG] DownMix::init                            : dspbuffersize: 1024  rate: 48000. output speaker mode: 7, input speaker mode 3
[LOG] DownMix::init                            : done.
[LOG] Thread::initThread                       : Init FMOD stream thread. Priority: 2, Stack Size: 65536, Semaphore: No, Sleep Time: 10, Looping: Yes.
[LOG] Thread::initThread                       : Init FMOD mixer thread. Priority: 3, Stack Size: 49152, Semaphore: No, Sleep Time: 0, Looping: Yes.
[LOG] AsyncManager::init                       : manager 0000020B164DA068 isAsync 0 updatePeriod 0.02
[LOG] AsyncManager::init                       : done
[LOG] PlaybackSystem::init                     : 
[LOG] Thread::initThread                       : Init FMOD Studio sample load thread. Priority: 0, Stack Size: 65536, Semaphore: No, Sleep Time: 1, Looping: No.
[LOG] PlaybackSystem::init                     : done
[LOG] Thread::initThread                       : Init FMOD Studio bank load thread. Priority: 0, Stack Size: 65536, Semaphore: No, Sleep Time: 1, Looping: No.
[LOG] Manager::init                            : done.
[LOG] Manager::readBank                        : fileversion = 103, compatVersion = 99 (oldest = 44, newest = 103)
[LOG] Manager::readBank                        : fileversion = 103, compatVersion = 99 (oldest = 44, newest = 103)
[LOG] SystemI::createSound                     : filename = Assets\FMod\Build\Desktop/Master Bank.bank : mode 02010082
[LOG] SystemI::createSound                     : FMOD_NONBLOCKING specified.  Putting into queue to be opened asynchronously!
[LOG] SystemI::createSound                     : setdata soundi = 0000020B3692D978 : node = 0000020A92B6D8C0
[LOG] SystemI::createSound                     : add node to async list : head = 0000020A81207788.  list count = 0
[LOG] SystemI::createSound                     : filename = Assets\FMod\Build\Desktop/Master Bank.bank : mode 02010082
[LOG] SystemI::createSound                     : FMOD_NONBLOCKING specified.  Putting into queue to be opened asynchronously!
[LOG] SystemI::createSound                     : setdata soundi = 0000020B3692D468 : node = 0000020A92B6D380
[LOG] SystemI::createSound                     : add node to async list : head = 0000020A81207788.  list count = 1
[LOG] AsyncThread::threadFunc                  : Starting Asynchronous operation on sound 0000020B3692D978
[LOG] SystemI::createSoundInternal             :     Create name='Assets\FMod\Build\Desktop/Master Bank.bank', mode=0x02010082
[LOG] SystemI::createSoundInternal             :     exinfo->cbsize             = 232
[LOG] SystemI::createSoundInternal             :     exinfo->length             = 6235040
[LOG] SystemI::createSoundInternal             :     exinfo->fileoffset         = 34368
[LOG] SystemI::createSoundInternal             :     exinfo->numsubsounds       = 1
[LOG] SystemI::createSoundInternal             :     exinfo->inclusionlist      = 0000020A92B6D9D8
[LOG] SystemI::createSoundInternal             :     exinfo->inclusionlistnum   = 1
[LOG] SystemI::createSoundInternal             :     exinfo->suggestedsoundtype = 5
[LOG] SystemI::createSoundInternal             :     exinfo->initialseekposition = 102857
[LOG] SystemI::createSoundInternal             :     exinfo->initialseekpostype = 1
[LOG] SystemI::createSoundInternal             :     Stream 0/1: name='Main - Base synth(2)', format=2, channels=2, frequency=48000, lengthbytes=552320, lengthpcm=5266283, pcmblocksize=0, loopstart=0, loopend=0, mode=0x00000000, channelmask=0x00000000, channelorder=0, peakvolume=0.839203.
[LOG] AsyncThread::threadFunc                  : Finished Asynchronous operation on sound 0000020B3692D978
[LOG] AsyncThread::threadFunc                  : Starting Asynchronous operation on sound 0000020B3692D468
[LOG] SystemI::createSoundInternal             :     Create name='Assets\FMod\Build\Desktop/Master Bank.bank', mode=0x02010082
[LOG] SystemI::createSoundInternal             :     exinfo->cbsize             = 232
[LOG] SystemI::createSoundInternal             :     exinfo->length             = 6235040
[LOG] SystemI::createSoundInternal             :     exinfo->fileoffset         = 34368
[LOG] SystemI::createSoundInternal             :     exinfo->numsubsounds       = 1
[LOG] SystemI::createSoundInternal             :     exinfo->inclusionlist      = 0000020A92B6D498
[LOG] SystemI::createSoundInternal             :     exinfo->inclusionlistnum   = 1
[LOG] SystemI::createSoundInternal             :     exinfo->suggestedsoundtype = 5
[LOG] SystemI::createSoundInternal             :     exinfo->initialseekposition = 102857
[LOG] SystemI::createSoundInternal             :     exinfo->initialseekpostype = 1
[LOG] SystemI::createSoundInternal             :     Stream 0/1: name='Suspense - Synth base', format=2, channels=2, frequency=48000, lengthbytes=541856, lengthpcm=5266283, pcmblocksize=0, loopstart=0, loopend=0, mode=0x00000000, channelmask=0x00000000, channelorder=0, peakvolume=0.910767.
[LOG] AsyncThread::threadFunc                  : Finished Asynchronous operation on sound 0000020B3692D468
[LOG] SoundI::getSubSound                      : sound 0000020B3692D978.  Subsound index 0 / 1
[LOG] SoundI::getSubSound                      : sound 0000020B3692D468.  Subsound index 0 / 1
[LOG] SystemI::createSoundInternal             : Create name='', mode=0x02000202
[LOG] SystemI::createSoundInternal             : exinfo->cbsize             = 232
[LOG] SystemI::createSoundInternal             : exinfo->length             = 6235040
[LOG] SystemI::createSoundInternal             : exinfo->fileoffset         = 34368
[LOG] SystemI::createSoundInternal             : exinfo->numsubsounds       = 1
[LOG] SystemI::createSoundInternal             : exinfo->inclusionlist      = 00000016F779F2DC
[LOG] SystemI::createSoundInternal             : exinfo->inclusionlistnum   = 1
[LOG] SystemI::createSoundInternal             : exinfo->suggestedsoundtype = 5
[LOG] SystemI::createSoundInternal             : exinfo->useropen           = 00007FFEA8CE0EE0
[LOG] SystemI::createSoundInternal             : exinfo->userclose          = 00007FFEA8CE0EB0
[LOG] SystemI::createSoundInternal             : exinfo->userread           = 00007FFEA8CE0FB0
[LOG] SystemI::createSoundInternal             : exinfo->userseek           = 00007FFEA8CE1070
[LOG] SystemI::createSoundInternal             : exinfo->fileuserdata       = 0000020B32AF3188
[LOG] SystemI::createSoundInternal             : exinfo->initialseekpostype = 1
[LOG] SystemI::DSPCodecPoolRegister            : register codec pool for pool type 5
[LOG] SystemI::createSoundInternal             : Sample 0/1: name='dinoRoar', format=2, channels=2, frequency=48000, lengthbytes=25280, lengthpcm=164915, pcmblocksize=0, loopstart=0, loopend=0, mode=0x00000000, channelmask=0x00000000, channelorder=0, peakvolume=0.234505.
[LOG] Manager::readBank                        : fileversion = 103, compatVersion = 99 (oldest = 44, newest = 103)
[LOG] SystemI::createSound                     : filename = Assets\FMod\Build\Desktop/Master Bank.bank : mode 02010082
[LOG] SystemI::createSound                     : FMOD_NONBLOCKING specified.  Putting into queue to be opened asynchronously!
[LOG] SystemI::createSound                     : setdata soundi = 0000020B28448758 : node = 0000020A80572F70
[LOG] SystemI::createSound                     : add node to async list : head = 0000020A81207788.  list count = 0
[LOG] AsyncThread::threadFunc                  : Starting Asynchronous operation on sound 0000020B28448758
[LOG] SystemI::createSound                     : filename = Assets\FMod\Build\Desktop/Master Bank.bank : mode 02010082
[LOG] SystemI::createSoundInternal             :     Create name='Assets\FMod\Build\Desktop/Master Bank.bank', mode=0x02010082
[LOG] SystemI::createSound                     :     FMOD_NONBLOCKING specified.  Putting into queue to be opened asynchronously!
[LOG] SystemI::createSoundInternal             :     exinfo->cbsize             = 232
[LOG] SystemI::createSoundInternal             :     exinfo->length             = 6235040
[LOG] SystemI::createSound                     :     setdata soundi = 0000020A9358DB38 : node = 0000020A80572E20
[LOG] SystemI::createSoundInternal             :     exinfo->fileoffset         = 34368
[LOG] SystemI::createSound                     :     add node to async list : head = 0000020A81207788.  list count = 0
[LOG] SystemI::createSoundInternal             :     exinfo->numsubsounds       = 1
[LOG] SystemI::createSoundInternal             :     exinfo->inclusionlist      = 0000020A80573088
[LOG] SystemI::createSound                     :     filename = Assets\FMod\Build\Desktop/Master Bank.bank : mode 02010082
[LOG] SystemI::createSoundInternal             :     exinfo->inclusionlistnum   = 1
[LOG] SystemI::createSound                     :     FMOD_NONBLOCKING specified.  Putting into queue to be opened asynchronously!
[LOG] SystemI::createSoundInternal             :     exinfo->suggestedsoundtype = 5
[LOG] SystemI::createSound                     :     setdata soundi = 0000020A9358DE98 : node = 0000020A805730C0
[LOG] SystemI::createSoundInternal             :     exinfo->initialseekpostype = 1
[LOG] SystemI::createSound                     :     add node to async list : head = 0000020A81207788.  list count = 1
[LOG] SystemI::createSound                     :     filename = Assets\FMod\Build\Desktop/Master Bank.bank : mode 02010082
[LOG] SystemI::createSound                     :     FMOD_NONBLOCKING specified.  Putting into queue to be opened asynchronously!
[LOG] SystemI::createSound                     :     setdata soundi = 0000020A9358E048 : node = 0000020A80573600
[LOG] SystemI::createSound                     :     add node to async list : head = 0000020A81207788.  list count = 2
[LOG] SystemI::createSound                     :     filename = Assets\FMod\Build\Desktop/Master Bank.bank : mode 02010082
[LOG] SystemI::createSound                     :     FMOD_NONBLOCKING specified.  Putting into queue to be opened asynchronously!
[LOG] SystemI::createSound                     :     setdata soundi = 0000020A9358E3A8 : node = 0000020A805739F0
[LOG] SystemI::createSound                     :     add node to async list : head = 0000020A81207788.  list count = 3
[LOG] SystemI::createSoundInternal             :     Stream 0/1: name='Suspense - Synth base', format=2, channels=2, frequency=48000, lengthbytes=541856, lengthpcm=5266283, pcmblocksize=0, loopstart=0, loopend=0, mode=0x00000000, channelmask=0x00000000, channelorder=0, peakvolume=0.910767.
[LOG] AsyncThread::threadFunc                  : Finished Asynchronous operation on sound 0000020B28448758
[LOG] AsyncThread::threadFunc                  : Starting Asynchronous operation on sound 0000020A9358DB38
[LOG] SystemI::createSoundInternal             :     Create name='Assets\FMod\Build\Desktop/Master Bank.bank', mode=0x02010082
[LOG] SystemI::createSoundInternal             :     exinfo->cbsize             = 232
[LOG] SystemI::createSoundInternal             :     exinfo->length             = 6235040
[LOG] SystemI::createSoundInternal             :     exinfo->fileoffset         = 34368
[LOG] SystemI::createSoundInternal             :     exinfo->numsubsounds       = 1
[LOG] SystemI::createSoundInternal             :     exinfo->inclusionlist      = 0000020A80572F38
[LOG] SystemI::createSoundInternal             :     exinfo->inclusionlistnum   = 1
[LOG] SystemI::createSoundInternal             :     exinfo->suggestedsoundtype = 5
[LOG] SystemI::createSoundInternal             :     exinfo->initialseekpostype = 1
[LOG] SystemI::createSoundInternal             :     Stream 0/1: name='Main - High synths', format=2, channels=2, frequency=48000, lengthbytes=820160, lengthpcm=5266283, pcmblocksize=0, loopstart=0, loopend=0, mode=0x00000000, channelmask=0x00000000, channelorder=0, peakvolume=0.451599.
[LOG] AsyncThread::threadFunc                  : Finished Asynchronous operation on sound 0000020A9358DB38
[LOG] AsyncThread::threadFunc                  : Starting Asynchronous operation on sound 0000020A9358DE98
[LOG] SystemI::createSoundInternal             :     Create name='Assets\FMod\Build\Desktop/Master Bank.bank', mode=0x02010082
[LOG] SystemI::createSoundInternal             :     exinfo->cbsize             = 232
[LOG] SystemI::createSoundInternal             :     exinfo->length             = 6235040
[LOG] SystemI::createSoundInternal             :     exinfo->fileoffset         = 34368
[LOG] SystemI::createSoundInternal             :     exinfo->numsubsounds       = 1
[LOG] SystemI::createSoundInternal             :     exinfo->inclusionlist      = 0000020A805731D8
[LOG] SystemI::createSoundInternal             :     exinfo->inclusionlistnum   = 1
[LOG] SystemI::createSoundInternal             :     exinfo->suggestedsoundtype = 5
[LOG] SystemI::createSoundInternal             :     exinfo->initialseekpostype = 1
[LOG] SystemI::createSoundInternal             :     Stream 0/1: name='Main - Base synth(2)', format=2, channels=2, frequency=48000, lengthbytes=552320, lengthpcm=5266283, pcmblocksize=0, loopstart=0, loopend=0, mode=0x00000000, channelmask=0x00000000, channelorder=0, peakvolume=0.839203.
[LOG] AsyncThread::threadFunc                  : Finished Asynchronous operation on sound 0000020A9358DE98
[LOG] AsyncThread::threadFunc                  : Starting Asynchronous operation on sound 0000020A9358E048
[LOG] SystemI::createSoundInternal             :     Create name='Assets\FMod\Build\Desktop/Master Bank.bank', mode=0x02010082
[LOG] SystemI::createSoundInternal             :     exinfo->cbsize             = 232
[LOG] SystemI::createSoundInternal             :     exinfo->length             = 6235040
[LOG] SystemI::createSoundInternal             :     exinfo->fileoffset         = 34368
[LOG] SystemI::createSoundInternal             :     exinfo->numsubsounds       = 1
[LOG] SystemI::createSoundInternal             :     exinfo->inclusionlist      = 0000020A80573718
[LOG] SystemI::createSoundInternal             :     exinfo->inclusionlistnum   = 1
[LOG] SystemI::createSoundInternal             :     exinfo->suggestedsoundtype = 5
[LOG] SystemI::createSoundInternal             :     exinfo->initialseekpostype = 1
[LOG] SystemI::createSoundInternal             :     Stream 0/1: name='Suspense - Organ', format=2, channels=2, frequency=48000, lengthbytes=1034240, lengthpcm=5266283, pcmblocksize=0, loopstart=0, loopend=0, mode=0x00000000, channelmask=0x00000000, channelorder=0, peakvolume=0.155670.
[LOG] AsyncThread::threadFunc                  : Finished Asynchronous operation on sound 0000020A9358E048
[LOG] AsyncThread::threadFunc                  : Starting Asynchronous operation on sound 0000020A9358E3A8
[LOG] SystemI::createSoundInternal             :     Create name='Assets\FMod\Build\Desktop/Master Bank.bank', mode=0x02010082
[LOG] SystemI::createSoundInternal             :     exinfo->cbsize             = 232
[LOG] SystemI::createSoundInternal             :     exinfo->length             = 6235040
[LOG] SystemI::createSoundInternal             :     exinfo->fileoffset         = 34368
[LOG] SystemI::createSoundInternal             :     exinfo->numsubsounds       = 1
[LOG] SystemI::createSoundInternal             :     exinfo->inclusionlist      = 0000020A80573B08
[LOG] SystemI::createSoundInternal             :     exinfo->inclusionlistnum   = 1
[LOG] SystemI::createSoundInternal             :     exinfo->suggestedsoundtype = 5
[LOG] SystemI::createSoundInternal             :     exinfo->initialseekpostype = 1
[LOG] SystemI::createSoundInternal             :     Stream 0/1: name='Suspense - Bass', format=2, channels=2, frequency=48000, lengthbytes=1358816, lengthpcm=5266283, pcmblocksize=0, loopstart=0, loopend=0, mode=0x00000000, channelmask=0x00000000, channelorder=0, peakvolume=0.264954.
[LOG] AsyncThread::threadFunc                  : Finished Asynchronous operation on sound 0000020A9358E3A8
[LOG] SoundI::getSubSound                      : sound 0000020B28448758.  Subsound index 0 / 1
[LOG] SoundI::getSubSound                      : sound 0000020A9358DB38.  Subsound index 0 / 1
[LOG] SoundI::getSubSound                      : sound 0000020A9358DE98.  Subsound index 0 / 1
[LOG] SoundI::getSubSound                      : sound 0000020A9358E048.  Subsound index 0 / 1
[LOG] SoundI::getSubSound                      : sound 0000020A9358E3A8.  Subsound index 0 / 1
[LOG] SoundI::release                          : Suspense - Synth base (0000020B3692D468)
[LOG] SoundI::release                          :     Suspense - Synth base (0000020B6E6378A8)
[LOG] SoundI::release                          :     Suspense - Synth base (0000020A92BCBB08)
[LOG] SoundI::release                          : Main - Base synth(2) (0000020B3692D978)
[LOG] SoundI::release                          :     Main - Base synth(2) (0000020A95D36BB8)
[LOG] SoundI::release                          :     Main - Base synth(2) (0000020A92BCBE68)
[LOG] SoundI::release                          : Suspense - Bass (0000020A9358E3A8)
[LOG] SoundI::release                          :     Suspense - Bass (0000020B28C1F138)
[LOG] SoundI::release                          :     Suspense - Bass (0000020A935DC518)
[LOG] SoundI::release                          : Suspense - Organ (0000020A9358E048)
[LOG] SoundI::release                          :     Suspense - Organ (0000020B28C1EF98)
[LOG] SoundI::release                          :     Suspense - Organ (0000020A935DC368)
[LOG] SoundI::release                          : Main - Base synth(2) (0000020A9358DE98)
[LOG] SoundI::release                          :     Main - Base synth(2) (0000020B28C1EC58)
[LOG] SoundI::release                          :     Main - Base synth(2) (0000020A935DD5F8)
[LOG] SoundI::release                          : Main - High synths (0000020A9358DB38)
[LOG] SoundI::release                          :     Main - High synths (0000020B28C22538)
[LOG] SoundI::release                          :     Main - High synths (0000020A935DC1B8)
[LOG] SoundI::release                          : Suspense - Synth base (0000020B28448758)
[LOG] SoundI::release                          :     Suspense - Synth base (0000020B28C1E298)
[LOG] SoundI::release                          :     Suspense - Synth base (0000020A935DCD88)
[LOG] SoundI::release                          : Suspense - Bass (0000020B284483F8)
[LOG] SoundI::release                          :     Suspense - Bass (0000020B28C1E918)
[LOG] SoundI::release                          :     Suspense - Bass (0000020A935DBE58)
[LOG] SoundI::release                          : Suspense - Organ (0000020B28448248)
[LOG] SoundI::release                          :     Suspense - Organ (0000020B28C1EDF8)
[LOG] SoundI::release                          :     Suspense - Organ (0000020A935DD298)
[LOG] SoundI::release                          : Main - Base synth(2) (0000020B28448E18)
[LOG] SoundI::release                          :     Main - Base synth(2) (0000020B28C22A18)
[LOG] SoundI::release                          :     Main - Base synth(2) (0000020A935DBCA8)
[LOG] SoundI::release                          : Main - High synths (0000020B28448C68)
[LOG] SoundI::release                          :     Main - High synths (0000020B28C1EAB8)
[LOG] SoundI::release                          :     Main - High synths (0000020A935DCA28)
[LOG] SoundI::release                          : Suspense - Synth base (0000020B28448AB8)
[LOG] SoundI::release                          :     Suspense - Synth base (0000020B28C22398)
[LOG] SoundI::release                          :     Suspense - Synth base (0000020A935DD0E8)
[LOG] SoundI::release                          :  (0000020B60BCB078)
[LOG] SoundI::release                          :     swimming1 (0000020A95D373D8)
[LOG] SoundI::release                          :  (0000020B60BCAF08)
[LOG] SoundI::release                          :     swimming2 (0000020B28C018C8)
[LOG] SoundI::release                          :  (0000020B60BC9978)
[LOG] SoundI::release                          :     swimming3 (0000020B28C01DA8)
[LOG] SoundI::release                          :  (0000020B60BCA388)
[LOG] SoundI::release                          :     silent1(3) (0000020B28C01A68)
[LOG] SoundI::release                          :  (0000020B60BCA668)
[LOG] SoundI::release                          :     silent1 (0000020A95D36EF8)
[LOG] SoundI::release                          :  (0000020B60BCA0A8)
[LOG] SoundI::release                          :     swimmingBubbles (0000020A95D37098)
[LOG] SoundI::release                          :  (0000020A8A157BE8)
[LOG] SoundI::release                          :     dinoRoar (0000020A8D0EDC18)
[LOG] SoundI::release                          :  (0000020B60BC9C58)
[LOG] SoundI::release                          :     sonarLight5 (0000020A95D36A18)
[LOG] SoundI::release                          :  (0000020B60BC9AE8)
[LOG] SoundI::release                          :     sonarLight2 (0000020A95D366D8)
[LOG] SoundI::release                          :  (0000020B60BCB1E8)
[LOG] SoundI::release                          :     sonar_light (0000020A95D36878)
[LOG] Thread::callback                         : FMOD Studio update thread finished.
[LOG] Thread::callback                         : FMOD Studio bank load thread finished.
[LOG] Profile::disconnectAll                   : Profiler disconnecting all clients
[LOG] Thread::callback                         : FMOD Studio sample load thread finished.
[LOG] LiveUpdate::release                      : 
[LOG] LiveUpdate::reset                        : Reset connection (reason Disconnected)
[LOG] Thread::callback                         : FMOD stream thread finished.
[LOG] Thread::callback                         : FMOD mixer thread finished.
[LOG] Profile::disconnectAll                   : Profiler disconnecting all clients
[LOG] SystemI::close                           : Closed.
